<?xml version="1.0" encoding="UTF-8"?>
<!-- Generated by org.testng.reporters.JUnitReportReporter -->
<testsuite hostname="DESKTOP-QS4G89T" failures="0" tests="1" name="com.juaracoding.appium.authentications.SignInTest" time="5.260" errors="0" timestamp="2025-05-31T16:18:03 ICT" skipped="0">
  <testcase classname="com.juaracoding.appium.authentications.SignInTest" name="signInShouldBeSuccess" time="5.260"/>
</testsuite> <!-- com.juaracoding.appium.authentications.SignInTest -->
