<?xml version="1.0" encoding="UTF-8"?>
<!-- Generated by org.testng.reporters.JUnitReportReporter -->
<testsuite hostname="DESKTOP-QS4G89T" failures="0" tests="2" name="com.juaracoding.appium.products.ProductListTest" time="25.537" errors="0" timestamp="2025-05-31T16:18:03 ICT" skipped="0">
  <testcase classname="com.juaracoding.appium.products.ProductListTest" name="testStep02" time="0.171"/>
  <testcase classname="com.juaracoding.appium.products.ProductListTest" name="testStep01" time="25.366"/>
</testsuite> <!-- com.juaracoding.appium.products.ProductListTest -->
